[INFO] [25.05.2025 13:21:02] [dasha] Данные сохранены в файл
[INFO] [25.05.2025 13:21:02] [dasha] Программа запущена
[INFO] [25.05.2025 13:21:07] [dasha] Данные сохранены в файл
[INFO] [25.05.2025 13:21:09] [dasha] Нажата клавиша: Key.enter
[INFO] [25.05.2025 13:21:12] [dasha] Данные сохранены в файл
[INFO] [25.05.2025 13:21:12] [dasha] Нажата клавиша: Key.enter
[INFO] [25.05.2025 13:21:13] [dasha] Нажата клавиша: Key.enter
[INFO] [25.05.2025 13:21:14] [dasha] Клик мыши: Button.left
[INFO] [25.05.2025 13:21:14] [dasha] Клик мыши: Button.left
[INFO] [25.05.2025 13:21:14] [dasha] Клик мыши: Button.left
[INFO] [25.05.2025 13:21:15] [dasha] Клик мыши: Button.left
[INFO] [25.05.2025 13:21:15] [dasha] Клик мыши: Button.left
[INFO] [25.05.2025 13:21:15] [dasha] Клик мыши: Button.left
[INFO] [25.05.2025 13:21:15] [dasha] Клик мыши: Button.left
[INFO] [25.05.2025 13:21:15] [dasha] Клик мыши: Button.left
[INFO] [25.05.2025 13:21:15] [dasha] Клик мыши: Button.left
[INFO] [25.05.2025 13:21:15] [dasha] Клик мыши: Button.left
[INFO] [25.05.2025 13:21:15] [dasha] Клик мыши: Button.left
[INFO] [25.05.2025 13:21:15] [dasha] Клик мыши: Button.left
[INFO] [25.05.2025 13:21:16] [dasha] Клик мыши: Button.left
[INFO] [25.05.2025 13:21:16] [dasha] Клик мыши: Button.left
[INFO] [25.05.2025 13:21:16] [dasha] Клик мыши: Button.left
[INFO] [25.05.2025 13:21:16] [dasha] Клик мыши: Button.left
[INFO] [25.05.2025 13:21:16] [dasha] Клик мыши: Button.left
[INFO] [25.05.2025 13:21:16] [dasha] Клик мыши: Button.left
[INFO] [25.05.2025 13:21:17] [dasha] Данные сохранены в файл
[INFO] [25.05.2025 13:21:17] [dasha] Клик мыши: Button.left
[INFO] [25.05.2025 13:21:17] [dasha] Клик мыши: Button.left
[INFO] [25.05.2025 13:21:17] [dasha] Клик мыши: Button.left
[INFO] [25.05.2025 13:21:17] [dasha] Клик мыши: Button.left
[INFO] [25.05.2025 13:21:17] [dasha] Клик мыши: Button.left
[INFO] [25.05.2025 13:21:17] [dasha] Клик мыши: Button.left
[INFO] [25.05.2025 13:21:18] [dasha] Клик мыши: Button.left
[INFO] [25.05.2025 13:21:18] [dasha] Клик мыши: Button.left
[INFO] [25.05.2025 13:21:18] [dasha] Клик мыши: Button.left
[INFO] [25.05.2025 13:21:18] [dasha] Клик мыши: Button.left
[INFO] [25.05.2025 13:21:18] [dasha] Клик мыши: Button.left
[INFO] [25.05.2025 13:21:19] [dasha] Клик мыши: Button.left
[INFO] [25.05.2025 13:21:19] [dasha] Клик мыши: Button.left
[INFO] [25.05.2025 13:21:19] [dasha] Клик мыши: Button.left
[INFO] [25.05.2025 13:21:19] [dasha] Клик мыши: Button.left
[INFO] [25.05.2025 13:21:19] [dasha] Клик мыши: Button.left
[INFO] [25.05.2025 13:21:19] [dasha] Клик мыши: Button.left
[INFO] [25.05.2025 13:21:19] [dasha] Клик мыши: Button.left
[INFO] [25.05.2025 13:21:20] [dasha] Клик мыши: Button.left
[INFO] [25.05.2025 13:21:20] [dasha] Клик мыши: Button.left
[INFO] [25.05.2025 13:21:20] [dasha] Клик мыши: Button.left
[INFO] [25.05.2025 13:21:21] [dasha] Нажата клавиша: Key.space
[INFO] [25.05.2025 13:21:21] [dasha] Нажата клавиша: Key.space
[INFO] [25.05.2025 13:21:21] [dasha] Нажата клавиша: 'n'
[INFO] [25.05.2025 13:21:21] [dasha] Нажата клавиша: 'f'
[INFO] [25.05.2025 13:21:21] [dasha] Нажата клавиша: 'j'
[INFO] [25.05.2025 13:21:21] [dasha] Нажата клавиша: 'f'
[INFO] [25.05.2025 13:21:21] [dasha] Нажата клавиша: 'j'
[INFO] [25.05.2025 13:21:22] [dasha] Нажата клавиша: 'f'
[INFO] [25.05.2025 13:21:22] [dasha] Данные сохранены в файл
[INFO] [25.05.2025 13:21:22] [dasha] Нажата клавиша: 'd'
[INFO] [25.05.2025 13:21:22] [dasha] Нажата клавиша: 'j'
[INFO] [25.05.2025 13:21:22] [dasha] Нажата клавиша: 'p'
[INFO] [25.05.2025 13:21:22] [dasha] Нажата клавиша: 'o'
[INFO] [25.05.2025 13:21:22] [dasha] Нажата клавиша: 'j'
[INFO] [25.05.2025 13:21:22] [dasha] Нажата клавиша: 'e'
[INFO] [25.05.2025 13:21:22] [dasha] Нажата клавиша: 'f'
[INFO] [25.05.2025 13:21:22] [dasha] Нажата клавиша: 'i'
[INFO] [25.05.2025 13:21:22] [dasha] Нажата клавиша: 'j'
[INFO] [25.05.2025 13:21:22] [dasha] Нажата клавиша: 'd'
[INFO] [25.05.2025 13:21:22] [dasha] Нажата клавиша: 'p'
[INFO] [25.05.2025 13:21:22] [dasha] Нажата клавиша: 'd'
[INFO] [25.05.2025 13:21:22] [dasha] Нажата клавиша: 'i'
[INFO] [25.05.2025 13:21:22] [dasha] Нажата клавиша: 'f'
[INFO] [25.05.2025 13:21:22] [dasha] Нажата клавиша: 'j'
[INFO] [25.05.2025 13:21:22] [dasha] Нажата клавиша: 'a'
[INFO] [25.05.2025 13:21:22] [dasha] Нажата клавиша: 'l'
[INFO] [25.05.2025 13:21:22] [dasha] Нажата клавиша: 'k'
[INFO] [25.05.2025 13:21:22] [dasha] Нажата клавиша: 'h'
[INFO] [25.05.2025 13:21:22] [dasha] Нажата клавиша: 'f'
[INFO] [25.05.2025 13:21:22] [dasha] Нажата клавиша: 'o'
[INFO] [25.05.2025 13:21:23] [dasha] Нажата клавиша: 'i'
[INFO] [25.05.2025 13:21:23] [dasha] Нажата клавиша: 'f'
[INFO] [25.05.2025 13:21:23] [dasha] Нажата клавиша: 'p'
[INFO] [25.05.2025 13:21:23] [dasha] Нажата клавиша: 'd'
[INFO] [25.05.2025 13:21:23] [dasha] Нажата клавиша: 'f'
[INFO] [25.05.2025 13:21:23] [dasha] Нажата клавиша: 'p'
[INFO] [25.05.2025 13:21:23] [dasha] Нажата клавиша: 'i'
[INFO] [25.05.2025 13:21:23] [dasha] Нажата клавиша: 'h'
[INFO] [25.05.2025 13:21:23] [dasha] Нажата клавиша: 'a'
[INFO] [25.05.2025 13:21:23] [dasha] Нажата клавиша: 'p'
[INFO] [25.05.2025 13:21:24] [dasha] Нажата клавиша: Key.backspace
[INFO] [25.05.2025 13:21:24] [dasha] Нажата клавиша: Key.backspace
[INFO] [25.05.2025 13:21:24] [dasha] Нажата клавиша: Key.backspace
[INFO] [25.05.2025 13:21:24] [dasha] Нажата клавиша: Key.backspace
[INFO] [25.05.2025 13:21:24] [dasha] Нажата клавиша: Key.backspace
[INFO] [25.05.2025 13:21:24] [dasha] Нажата клавиша: Key.backspace
[INFO] [25.05.2025 13:21:24] [dasha] Нажата клавиша: Key.backspace
[INFO] [25.05.2025 13:21:24] [dasha] Нажата клавиша: Key.backspace
[INFO] [25.05.2025 13:21:24] [dasha] Нажата клавиша: Key.backspace
[INFO] [25.05.2025 13:21:24] [dasha] Нажата клавиша: Key.backspace
[INFO] [25.05.2025 13:21:24] [dasha] Нажата клавиша: Key.backspace
[INFO] [25.05.2025 13:21:24] [dasha] Нажата клавиша: Key.backspace
[INFO] [25.05.2025 13:21:24] [dasha] Нажата клавиша: Key.backspace
[INFO] [25.05.2025 13:21:24] [dasha] Нажата клавиша: Key.backspace
[INFO] [25.05.2025 13:21:24] [dasha] Нажата клавиша: Key.backspace
[INFO] [25.05.2025 13:21:25] [dasha] Нажата клавиша: Key.backspace
[INFO] [25.05.2025 13:21:25] [dasha] Нажата клавиша: Key.backspace
[INFO] [25.05.2025 13:21:25] [dasha] Нажата клавиша: Key.backspace
[INFO] [25.05.2025 13:21:25] [dasha] Нажата клавиша: Key.backspace
[INFO] [25.05.2025 13:21:25] [dasha] Нажата клавиша: Key.backspace
[INFO] [25.05.2025 13:21:25] [dasha] Нажата клавиша: Key.backspace
[INFO] [25.05.2025 13:21:25] [dasha] Нажата клавиша: Key.backspace
[INFO] [25.05.2025 13:21:25] [dasha] Нажата клавиша: Key.backspace
[INFO] [25.05.2025 13:21:25] [dasha] Нажата клавиша: Key.backspace
[INFO] [25.05.2025 13:21:25] [dasha] Нажата клавиша: Key.backspace
[INFO] [25.05.2025 13:21:25] [dasha] Нажата клавиша: Key.backspace
[INFO] [25.05.2025 13:21:25] [dasha] Нажата клавиша: Key.backspace
[INFO] [25.05.2025 13:21:25] [dasha] Нажата клавиша: Key.backspace
[INFO] [25.05.2025 13:21:25] [dasha] Нажата клавиша: Key.backspace
[INFO] [25.05.2025 13:21:25] [dasha] Нажата клавиша: Key.backspace
[INFO] [25.05.2025 13:21:25] [dasha] Нажата клавиша: Key.backspace
[INFO] [25.05.2025 13:21:25] [dasha] Нажата клавиша: Key.backspace
[INFO] [25.05.2025 13:21:25] [dasha] Нажата клавиша: Key.backspace
[INFO] [25.05.2025 13:21:25] [dasha] Нажата клавиша: Key.backspace
[INFO] [25.05.2025 13:21:25] [dasha] Нажата клавиша: Key.backspace
[INFO] [25.05.2025 13:21:25] [dasha] Нажата клавиша: Key.backspace
[INFO] [25.05.2025 13:21:25] [dasha] Нажата клавиша: Key.backspace
[INFO] [25.05.2025 13:21:25] [dasha] Нажата клавиша: Key.backspace
[INFO] [25.05.2025 13:21:25] [dasha] Нажата клавиша: Key.backspace
[INFO] [25.05.2025 13:21:25] [dasha] Нажата клавиша: Key.backspace
[INFO] [25.05.2025 13:21:25] [dasha] Нажата клавиша: Key.backspace
[INFO] [25.05.2025 13:21:25] [dasha] Нажата клавиша: Key.backspace
[INFO] [25.05.2025 13:21:25] [dasha] Нажата клавиша: Key.backspace
[INFO] [25.05.2025 13:21:25] [dasha] Нажата клавиша: Key.backspace
[INFO] [25.05.2025 13:21:25] [dasha] Нажата клавиша: Key.backspace
[INFO] [25.05.2025 13:21:25] [dasha] Нажата клавиша: Key.backspace
[INFO] [25.05.2025 13:21:25] [dasha] Нажата клавиша: Key.backspace
[INFO] [25.05.2025 13:21:25] [dasha] Нажата клавиша: Key.backspace
[INFO] [25.05.2025 13:21:26] [dasha] Нажата клавиша: Key.backspace
[INFO] [25.05.2025 13:21:26] [dasha] Нажата клавиша: Key.backspace
[INFO] [25.05.2025 13:21:26] [dasha] Нажата клавиша: Key.backspace
[INFO] [25.05.2025 13:21:26] [dasha] Нажата клавиша: Key.backspace
[INFO] [25.05.2025 13:21:26] [dasha] Нажата клавиша: Key.backspace
[INFO] [25.05.2025 13:21:26] [dasha] Нажата клавиша: Key.backspace
[INFO] [25.05.2025 13:21:26] [dasha] Нажата клавиша: Key.backspace
[INFO] [25.05.2025 13:21:26] [dasha] Нажата клавиша: Key.backspace
[INFO] [25.05.2025 13:21:26] [dasha] Нажата клавиша: Key.backspace
[INFO] [25.05.2025 13:21:26] [dasha] Нажата клавиша: Key.backspace
[INFO] [25.05.2025 13:21:26] [dasha] Нажата клавиша: Key.backspace
[INFO] [25.05.2025 13:21:26] [dasha] Нажата клавиша: Key.backspace
[INFO] [25.05.2025 13:21:26] [dasha] Нажата клавиша: Key.backspace
[INFO] [25.05.2025 13:21:26] [dasha] Нажата клавиша: Key.backspace
[INFO] [25.05.2025 13:21:26] [dasha] Нажата клавиша: Key.backspace
[INFO] [25.05.2025 13:21:26] [dasha] Нажата клавиша: Key.backspace
[INFO] [25.05.2025 13:21:26] [dasha] Нажата клавиша: Key.backspace
[INFO] [25.05.2025 13:21:26] [dasha] Нажата клавиша: Key.backspace
[INFO] [25.05.2025 13:21:26] [dasha] Нажата клавиша: Key.backspace
[INFO] [25.05.2025 13:21:26] [dasha] Нажата клавиша: Key.backspace
[INFO] [25.05.2025 13:21:26] [dasha] Нажата клавиша: Key.backspace
[INFO] [25.05.2025 13:21:26] [dasha] Нажата клавиша: Key.backspace
[INFO] [25.05.2025 13:21:26] [dasha] Нажата клавиша: Key.backspace
[INFO] [25.05.2025 13:21:26] [dasha] Нажата клавиша: Key.backspace
[INFO] [25.05.2025 13:21:26] [dasha] Нажата клавиша: Key.backspace
[INFO] [25.05.2025 13:21:26] [dasha] Нажата клавиша: Key.backspace
[INFO] [25.05.2025 13:21:26] [dasha] Нажата клавиша: Key.backspace
[INFO] [25.05.2025 13:21:26] [dasha] Нажата клавиша: Key.backspace
[INFO] [25.05.2025 13:21:26] [dasha] Нажата клавиша: Key.backspace
[INFO] [25.05.2025 13:21:26] [dasha] Нажата клавиша: Key.backspace
[INFO] [25.05.2025 13:21:26] [dasha] Нажата клавиша: Key.backspace
[INFO] [25.05.2025 13:21:26] [dasha] Нажата клавиша: Key.backspace
[INFO] [25.05.2025 13:21:26] [dasha] Нажата клавиша: Key.backspace
[INFO] [25.05.2025 13:21:27] [dasha] Нажата клавиша: Key.backspace
[INFO] [25.05.2025 13:21:27] [dasha] Нажата клавиша: Key.backspace
[INFO] [25.05.2025 13:21:27] [dasha] Данные сохранены в файл
[INFO] [25.05.2025 13:21:27] [dasha] Нажата клавиша: Key.backspace
[INFO] [25.05.2025 13:21:27] [dasha] Нажата клавиша: Key.backspace
[INFO] [25.05.2025 13:21:27] [dasha] Нажата клавиша: Key.backspace
[INFO] [25.05.2025 13:21:27] [dasha] Нажата клавиша: Key.backspace
[INFO] [25.05.2025 13:21:27] [dasha] Нажата клавиша: Key.backspace
[INFO] [25.05.2025 13:21:27] [dasha] Нажата клавиша: Key.backspace
[INFO] [25.05.2025 13:21:27] [dasha] Нажата клавиша: Key.backspace
[INFO] [25.05.2025 13:21:27] [dasha] Нажата клавиша: Key.backspace
[INFO] [25.05.2025 13:21:27] [dasha] Нажата клавиша: Key.backspace
[INFO] [25.05.2025 13:21:27] [dasha] Нажата клавиша: Key.backspace
[INFO] [25.05.2025 13:21:27] [dasha] Нажата клавиша: Key.backspace
[INFO] [25.05.2025 13:21:27] [dasha] Нажата клавиша: Key.backspace
[INFO] [25.05.2025 13:21:27] [dasha] Нажата клавиша: Key.backspace
[INFO] [25.05.2025 13:21:27] [dasha] Нажата клавиша: Key.backspace
[INFO] [25.05.2025 13:21:27] [dasha] Нажата клавиша: Key.backspace
[INFO] [25.05.2025 13:21:27] [dasha] Нажата клавиша: Key.backspace
[INFO] [25.05.2025 13:21:27] [dasha] Нажата клавиша: Key.backspace
[INFO] [25.05.2025 13:21:27] [dasha] Нажата клавиша: Key.backspace
[INFO] [25.05.2025 13:21:27] [dasha] Нажата клавиша: Key.backspace
[INFO] [25.05.2025 13:21:27] [dasha] Нажата клавиша: Key.backspace
[INFO] [25.05.2025 13:21:27] [dasha] Нажата клавиша: Key.backspace
[INFO] [25.05.2025 13:21:27] [dasha] Нажата клавиша: Key.backspace
[INFO] [25.05.2025 13:21:27] [dasha] Нажата клавиша: Key.backspace
[INFO] [25.05.2025 13:21:29] [dasha] Клик мыши: Button.left
[INFO] [25.05.2025 13:21:29] [dasha] Программа завершена пользователем
[INFO] [25.05.2025 13:33:20] [dasha] Данные сохранены в файл
[INFO] [25.05.2025 13:35:21] [dasha] Данные сохранены в файл
[INFO] [25.05.2025 13:35:21] [dasha] Программа запущена
[INFO] [25.05.2025 13:35:23] [dasha] Клик мыши: Button.left
[INFO] [25.05.2025 13:35:24] [dasha] Клик мыши: Button.left
[INFO] [25.05.2025 13:35:26] [dasha] Данные сохранены в файл
[INFO] [25.05.2025 13:35:31] [dasha] Данные сохранены в файл
[INFO] [25.05.2025 13:35:36] [dasha] Данные сохранены в файл
[INFO] [25.05.2025 13:35:37] [dasha] Нажата клавиша: Key.space
[INFO] [25.05.2025 13:35:38] [dasha] Нажата клавиша: Key.space
[INFO] [25.05.2025 13:35:39] [dasha] Клик мыши: Button.left
[INFO] [25.05.2025 13:35:40] [dasha] Клик мыши: Button.left
[INFO] [25.05.2025 13:35:41] [dasha] Данные сохранены в файл
[INFO] [25.05.2025 13:35:41] [dasha] Нажата клавиша: Key.space
[INFO] [25.05.2025 13:35:41] [dasha] Нажата клавиша: Key.space
[INFO] [25.05.2025 13:35:42] [dasha] Нажата клавиша: Key.space
[INFO] [25.05.2025 13:35:42] [dasha] Клик мыши: Button.left
[INFO] [25.05.2025 13:35:42] [dasha] Нажата клавиша: Key.space
[INFO] [25.05.2025 13:35:42] [dasha] Клик мыши: Button.left
[INFO] [25.05.2025 13:35:43] [dasha] Нажата клавиша: Key.space
[INFO] [25.05.2025 13:35:43] [dasha] Клик мыши: Button.left
[INFO] [25.05.2025 13:35:43] [dasha] Нажата клавиша: Key.space
[INFO] [25.05.2025 13:35:43] [dasha] Клик мыши: Button.left
[INFO] [25.05.2025 13:35:43] [dasha] Клик мыши: Button.left
[INFO] [25.05.2025 13:35:43] [dasha] Нажата клавиша: Key.space
[INFO] [25.05.2025 13:35:44] [dasha] Клик мыши: Button.left
[INFO] [25.05.2025 13:35:44] [dasha] Нажата клавиша: Key.space
[INFO] [25.05.2025 13:35:44] [dasha] Клик мыши: Button.left
[INFO] [25.05.2025 13:35:44] [dasha] Нажата клавиша: Key.space
[INFO] [25.05.2025 13:35:44] [dasha] Клик мыши: Button.left
[INFO] [25.05.2025 13:35:44] [dasha] Нажата клавиша: Key.space
[INFO] [25.05.2025 13:35:44] [dasha] Клик мыши: Button.left
[INFO] [25.05.2025 13:35:44] [dasha] Клик мыши: Button.left
[INFO] [25.05.2025 13:35:46] [dasha] Клик мыши: Button.left
[INFO] [25.05.2025 13:35:46] [dasha] Данные сохранены в файл
[INFO] [25.05.2025 13:35:46] [dasha] Нажата клавиша: Key.space
[INFO] [25.05.2025 13:35:47] [dasha] Нажата клавиша: Key.space
[INFO] [25.05.2025 13:35:47] [dasha] Нажата клавиша: Key.space
[INFO] [25.05.2025 13:35:47] [dasha] Нажата клавиша: Key.space
[INFO] [25.05.2025 13:35:47] [dasha] Нажата клавиша: Key.space
[INFO] [25.05.2025 13:35:48] [dasha] Нажата клавиша: Key.space
[INFO] [25.05.2025 13:35:48] [dasha] Нажата клавиша: Key.space
[INFO] [25.05.2025 13:35:48] [dasha] Нажата клавиша: Key.space
[INFO] [25.05.2025 13:35:48] [dasha] Нажата клавиша: Key.space
[INFO] [25.05.2025 13:35:48] [dasha] Нажата клавиша: Key.space
[INFO] [25.05.2025 13:35:49] [dasha] Нажата клавиша: Key.space
[INFO] [25.05.2025 13:35:49] [dasha] Нажата клавиша: Key.space
[INFO] [25.05.2025 13:35:49] [dasha] Нажата клавиша: Key.space
[INFO] [25.05.2025 13:35:49] [dasha] Нажата клавиша: Key.space
[INFO] [25.05.2025 13:35:49] [dasha] Нажата клавиша: Key.space
[INFO] [25.05.2025 13:35:49] [dasha] Нажата клавиша: Key.space
[INFO] [25.05.2025 13:35:49] [dasha] Нажата клавиша: Key.space
[INFO] [25.05.2025 13:35:49] [dasha] Нажата клавиша: Key.space
[INFO] [25.05.2025 13:35:49] [dasha] Нажата клавиша: Key.space
[INFO] [25.05.2025 13:35:49] [dasha] Нажата клавиша: Key.space
[INFO] [25.05.2025 13:35:49] [dasha] Нажата клавиша: Key.space
[INFO] [25.05.2025 13:35:49] [dasha] Нажата клавиша: Key.space
[INFO] [25.05.2025 13:35:49] [dasha] Нажата клавиша: Key.space
[INFO] [25.05.2025 13:35:49] [dasha] Нажата клавиша: Key.space
[INFO] [25.05.2025 13:35:49] [dasha] Нажата клавиша: Key.space
[INFO] [25.05.2025 13:35:49] [dasha] Нажата клавиша: Key.space
[INFO] [25.05.2025 13:35:49] [dasha] Нажата клавиша: Key.space
[INFO] [25.05.2025 13:35:49] [dasha] Нажата клавиша: Key.space
[INFO] [25.05.2025 13:35:49] [dasha] Нажата клавиша: Key.space
[INFO] [25.05.2025 13:35:50] [dasha] Нажата клавиша: Key.space
[INFO] [25.05.2025 13:35:50] [dasha] Нажата клавиша: Key.space
[INFO] [25.05.2025 13:35:50] [dasha] Нажата клавиша: Key.space
[INFO] [25.05.2025 13:35:50] [dasha] Нажата клавиша: Key.space
[INFO] [25.05.2025 13:35:50] [dasha] Нажата клавиша: Key.space
[INFO] [25.05.2025 13:35:50] [dasha] Нажата клавиша: Key.space
[INFO] [25.05.2025 13:35:50] [dasha] Нажата клавиша: Key.space
[INFO] [25.05.2025 13:35:50] [dasha] Нажата клавиша: Key.space
[INFO] [25.05.2025 13:35:50] [dasha] Нажата клавиша: Key.space
[INFO] [25.05.2025 13:35:50] [dasha] Нажата клавиша: Key.space
[INFO] [25.05.2025 13:35:50] [dasha] Нажата клавиша: Key.space
[INFO] [25.05.2025 13:35:50] [dasha] Нажата клавиша: Key.space
[INFO] [25.05.2025 13:35:50] [dasha] Нажата клавиша: Key.space
[INFO] [25.05.2025 13:35:50] [dasha] Нажата клавиша: Key.space
[INFO] [25.05.2025 13:35:50] [dasha] Нажата клавиша: Key.space
[INFO] [25.05.2025 13:35:50] [dasha] Нажата клавиша: Key.space
[INFO] [25.05.2025 13:35:50] [dasha] Нажата клавиша: Key.space
[INFO] [25.05.2025 13:35:50] [dasha] Нажата клавиша: Key.space
[INFO] [25.05.2025 13:35:50] [dasha] Нажата клавиша: Key.space
[INFO] [25.05.2025 13:35:50] [dasha] Нажата клавиша: Key.space
[INFO] [25.05.2025 13:35:50] [dasha] Нажата клавиша: Key.space
[INFO] [25.05.2025 13:35:50] [dasha] Нажата клавиша: Key.space
[INFO] [25.05.2025 13:35:51] [dasha] Данные сохранены в файл
[INFO] [25.05.2025 13:35:51] [dasha] Клик мыши: Button.left
[INFO] [25.05.2025 13:35:51] [dasha] Клик мыши: Button.left
[INFO] [25.05.2025 13:38:40] [dasha] Данные сохранены в файл
[INFO] [25.05.2025 13:38:40] [dasha] Программа запущена
[INFO] [25.05.2025 13:38:41] [dasha] Нажата клавиша: Key.enter
[INFO] [25.05.2025 13:38:41] [dasha] Нажата клавиша: Key.enter
[INFO] [25.05.2025 13:38:41] [dasha] Нажата клавиша: Key.enter
[INFO] [25.05.2025 13:38:41] [dasha] Нажата клавиша: Key.enter
[INFO] [25.05.2025 13:38:42] [dasha] Клик мыши: Button.left
[INFO] [25.05.2025 13:38:42] [dasha] Клик мыши: Button.left
[INFO] [25.05.2025 13:38:42] [dasha] Клик мыши: Button.left
[INFO] [25.05.2025 13:38:43] [dasha] Клик мыши: Button.left
[INFO] [25.05.2025 13:38:43] [dasha] Клик мыши: Button.left
[INFO] [25.05.2025 13:38:44] [dasha] Клик мыши: Button.left
[INFO] [25.05.2025 13:38:44] [dasha] Клик мыши: Button.left
[INFO] [25.05.2025 13:38:44] [dasha] Нажата клавиша: 'в'
[INFO] [25.05.2025 13:38:44] [dasha] Нажата клавиша: 'в'
[INFO] [25.05.2025 13:38:45] [dasha] Данные сохранены в файл
[INFO] [25.05.2025 13:38:45] [dasha] Нажата клавиша: 'в'
[INFO] [25.05.2025 13:38:45] [dasha] Нажата клавиша: 'в'
[INFO] [25.05.2025 13:38:45] [dasha] Нажата клавиша: 'в'
[INFO] [25.05.2025 13:38:46] [dasha] Нажата клавиша: 'в'
[INFO] [25.05.2025 13:38:46] [dasha] Нажата клавиша: 'в'
[INFO] [25.05.2025 13:38:46] [dasha] Нажата клавиша: 'в'
[INFO] [25.05.2025 13:38:46] [dasha] Нажата клавиша: 'в'
[INFO] [25.05.2025 13:38:46] [dasha] Нажата клавиша: 'в'
[INFO] [25.05.2025 13:38:47] [dasha] Нажата клавиша: 'в'
[INFO] [25.05.2025 13:38:47] [dasha] Нажата клавиша: 'в'
[INFO] [25.05.2025 13:38:47] [dasha] Нажата клавиша: 'в'
[INFO] [25.05.2025 13:38:47] [dasha] Нажата клавиша: 'в'
[INFO] [25.05.2025 13:38:48] [dasha] Нажата клавиша: 'в'
[INFO] [25.05.2025 13:38:48] [dasha] Нажата клавиша: 'ы'
[INFO] [25.05.2025 13:38:49] [dasha] Нажата клавиша: 'е'
[INFO] [25.05.2025 13:38:49] [dasha] Нажата клавиша: 'щ'
[INFO] [25.05.2025 13:38:49] [dasha] Нажата клавиша: 'з'
[INFO] [25.05.2025 13:38:50] [dasha] Данные сохранены в файл
[INFO] [25.05.2025 13:38:50] [dasha] Нажата клавиша: Key.enter
[INFO] [25.05.2025 13:38:51] [dasha] Нажата клавиша: Key.enter
[INFO] [25.05.2025 13:38:51] [dasha] Нажата клавиша: Key.enter
[INFO] [25.05.2025 13:38:51] [dasha] Нажата клавиша: Key.enter
[INFO] [25.05.2025 13:38:51] [dasha] Нажата клавиша: Key.enter
[INFO] [25.05.2025 13:38:51] [dasha] Нажата клавиша: Key.enter
[INFO] [25.05.2025 13:38:51] [dasha] Нажата клавиша: Key.enter
[INFO] [25.05.2025 13:38:51] [dasha] Нажата клавиша: Key.enter
[INFO] [25.05.2025 13:38:51] [dasha] Нажата клавиша: Key.enter
[INFO] [25.05.2025 13:38:52] [dasha] Нажата клавиша: Key.enter
[INFO] [25.05.2025 13:38:52] [dasha] Нажата клавиша: Key.enter
[INFO] [25.05.2025 13:38:52] [dasha] Нажата клавиша: Key.enter
[INFO] [25.05.2025 13:38:52] [dasha] Нажата клавиша: Key.enter
[INFO] [25.05.2025 13:38:52] [dasha] Нажата клавиша: Key.enter
[INFO] [25.05.2025 13:38:55] [dasha] Данные сохранены в файл
[INFO] [25.05.2025 13:39:00] [dasha] Данные сохранены в файл
[INFO] [25.05.2025 13:39:05] [dasha] Данные сохранены в файл
[INFO] [25.05.2025 13:39:10] [dasha] Данные сохранены в файл
[INFO] [25.05.2025 13:39:15] [dasha] Данные сохранены в файл
[INFO] [25.05.2025 13:39:20] [dasha] Данные сохранены в файл
[INFO] [25.05.2025 13:39:25] [dasha] Данные сохранены в файл
[INFO] [25.05.2025 13:39:26] [dasha] Клик мыши: Button.left
[INFO] [25.05.2025 13:39:29] [dasha] Клик мыши: Button.left
[INFO] [25.05.2025 13:39:30] [dasha] Данные сохранены в файл
[INFO] [25.05.2025 13:39:35] [dasha] Данные сохранены в файл
[INFO] [25.05.2025 13:39:40] [dasha] Данные сохранены в файл
[INFO] [25.05.2025 13:39:42] [dasha] Клик мыши: Button.left
[INFO] [25.05.2025 13:39:43] [dasha] Нажата клавиша: Key.alt_l
[INFO] [25.05.2025 13:39:43] [dasha] Нажата клавиша: Key.shift
[INFO] [25.05.2025 13:39:44] [dasha] Нажата клавиша: 'ч'
[INFO] [25.05.2025 13:39:44] [dasha] Нажата клавиша: 'р'
[INFO] [25.05.2025 13:39:44] [dasha] Нажата клавиша: 'е'
[INFO] [25.05.2025 13:39:45] [dasha] Данные сохранены в файл
[INFO] [25.05.2025 13:39:45] [dasha] Нажата клавиша: Key.backspace
[INFO] [25.05.2025 13:39:45] [dasha] Нажата клавиша: Key.backspace
[INFO] [25.05.2025 13:39:45] [dasha] Нажата клавиша: Key.backspace
[INFO] [25.05.2025 13:39:45] [dasha] Нажата клавиша: Key.shift
[INFO] [25.05.2025 13:39:45] [dasha] Нажата клавиша: 'Ч'
[INFO] [25.05.2025 13:39:46] [dasha] Нажата клавиша: 'е'
[INFO] [25.05.2025 13:39:46] [dasha] Нажата клавиша: 'р'
[INFO] [25.05.2025 13:39:46] [dasha] Нажата клавиша: 'е'
[INFO] [25.05.2025 13:39:46] [dasha] Нажата клавиша: 'з'
[INFO] [25.05.2025 13:39:46] [dasha] Нажата клавиша: Key.space
[INFO] [25.05.2025 13:39:47] [dasha] Нажата клавиша: 'т'
[INFO] [25.05.2025 13:39:47] [dasha] Нажата клавиша: 'е'
[INFO] [25.05.2025 13:39:47] [dasha] Нажата клавиша: 'р'
[INFO] [25.05.2025 13:39:47] [dasha] Нажата клавиша: 'м'
[INFO] [25.05.2025 13:39:47] [dasha] Нажата клавиша: 'и'
[INFO] [25.05.2025 13:39:47] [dasha] Нажата клавиша: 'н'
[INFO] [25.05.2025 13:39:47] [dasha] Нажата клавиша: 'а'
[INFO] [25.05.2025 13:39:47] [dasha] Нажата клавиша: 'л'
[INFO] [25.05.2025 13:39:48] [dasha] Нажата клавиша: Key.space
[INFO] [25.05.2025 13:39:48] [dasha] Нажата клавиша: Key.alt_l
[INFO] [25.05.2025 13:39:48] [dasha] Нажата клавиша: Key.shift
[INFO] [25.05.2025 13:39:49] [dasha] Нажата клавиша: 'з'
[INFO] [25.05.2025 13:39:49] [dasha] Нажата клавиша: 'н'
[INFO] [25.05.2025 13:39:49] [dasha] Нажата клавиша: 'с'
[INFO] [25.05.2025 13:39:49] [dasha] Нажата клавиша: 'р'
[INFO] [25.05.2025 13:39:49] [dasha] Нажата клавиша: 'ф'
[INFO] [25.05.2025 13:39:50] [dasha] Нажата клавиша: 'к'
[INFO] [25.05.2025 13:39:50] [dasha] Данные сохранены в файл
[INFO] [25.05.2025 13:39:50] [dasha] Нажата клавиша: 'ь'
[INFO] [25.05.2025 13:39:50] [dasha] Нажата клавиша: Key.space
[INFO] [25.05.2025 13:39:50] [dasha] Нажата клавиша: Key.shift
[INFO] [25.05.2025 13:39:50] [dasha] Нажата клавиша: Key.alt_l
[INFO] [25.05.2025 13:39:51] [dasha] Нажата клавиша: 'в'
[INFO] [25.05.2025 13:39:51] [dasha] Нажата клавиша: 'с'
[INFO] [25.05.2025 13:39:51] [dasha] Нажата клавиша: 'е'
[INFO] [25.05.2025 13:39:51] [dasha] Нажата клавиша: Key.space
[INFO] [25.05.2025 13:39:51] [dasha] Нажата клавиша: 'о'
[INFO] [25.05.2025 13:39:51] [dasha] Нажата клавиша: 'т'
[INFO] [25.05.2025 13:39:51] [dasha] Нажата клавиша: 'л'
[INFO] [25.05.2025 13:39:52] [dasha] Нажата клавиша: 'и'
[INFO] [25.05.2025 13:39:52] [dasha] Нажата клавиша: 'ч'
[INFO] [25.05.2025 13:39:52] [dasha] Нажата клавиша: 'н'
[INFO] [25.05.2025 13:39:52] [dasha] Нажата клавиша: 'о'
[INFO] [25.05.2025 13:39:52] [dasha] Нажата клавиша: Key.space
[INFO] [25.05.2025 13:39:52] [dasha] Нажата клавиша: 'р'
[INFO] [25.05.2025 13:39:52] [dasha] Нажата клавиша: 'а'
[INFO] [25.05.2025 13:39:52] [dasha] Нажата клавиша: 'б'
[INFO] [25.05.2025 13:39:53] [dasha] Нажата клавиша: 'о'
[INFO] [25.05.2025 13:39:53] [dasha] Нажата клавиша: 'т'
[INFO] [25.05.2025 13:39:53] [dasha] Нажата клавиша: 'а'
[INFO] [25.05.2025 13:39:53] [dasha] Нажата клавиша: 'е'
[INFO] [25.05.2025 13:39:53] [dasha] Нажата клавиша: 'т'
[INFO] [25.05.2025 13:39:54] [dasha] Нажата клавиша: Key.enter
[INFO] [25.05.2025 13:39:55] [dasha] Данные сохранены в файл
[INFO] [25.05.2025 13:40:00] [dasha] Данные сохранены в файл
[INFO] [25.05.2025 13:40:05] [dasha] Данные сохранены в файл
[INFO] [25.05.2025 13:40:10] [dasha] Данные сохранены в файл
[INFO] [25.05.2025 13:40:15] [dasha] Данные сохранены в файл
[INFO] [25.05.2025 13:40:20] [dasha] Данные сохранены в файл
[INFO] [25.05.2025 13:40:25] [dasha] Данные сохранены в файл
[INFO] [25.05.2025 13:40:30] [dasha] Данные сохранены в файл
[INFO] [25.05.2025 13:40:34] [dasha] Клик мыши: Button.left
[INFO] [25.05.2025 13:40:35] [dasha] Нажата клавиша: Key.alt_l
[INFO] [25.05.2025 13:40:35] [dasha] Нажата клавиша: Key.tab
[INFO] [25.05.2025 13:40:35] [dasha] Данные сохранены в файл
[INFO] [25.05.2025 13:40:35] [dasha] Нажата клавиша: Key.tab
[INFO] [25.05.2025 13:40:37] [dasha] Клик мыши: Button.left
[INFO] [25.05.2025 13:40:38] [dasha] Клик мыши: Button.right
[INFO] [25.05.2025 13:40:38] [dasha] Клик мыши: Button.left
[INFO] [25.05.2025 13:40:39] [dasha] Клик мыши: Button.left
[INFO] [25.05.2025 13:40:40] [dasha] Данные сохранены в файл
[INFO] [25.05.2025 13:40:40] [dasha] Нажата клавиша: 'ь'
[INFO] [25.05.2025 13:40:41] [dasha] Нажата клавиша: Key.backspace
[INFO] [25.05.2025 13:40:41] [dasha] Нажата клавиша: Key.alt_l
[INFO] [25.05.2025 13:40:41] [dasha] Нажата клавиша: Key.shift
[INFO] [25.05.2025 13:40:41] [dasha] Нажата клавиша: 'ь'
[INFO] [25.05.2025 13:40:41] [dasha] Нажата клавиша: 'ш'
[INFO] [25.05.2025 13:40:42] [dasha] Нажата клавиша: Key.backspace
[INFO] [25.05.2025 13:40:42] [dasha] Нажата клавиша: 'ф'
[INFO] [25.05.2025 13:40:42] [dasha] Нажата клавиша: 'ш'
[INFO] [25.05.2025 13:40:43] [dasha] Нажата клавиша: 'т'
[INFO] [25.05.2025 13:40:43] [dasha] Нажата клавиша: '2'
[INFO] [25.05.2025 13:40:43] [dasha] Нажата клавиша: Key.enter
[INFO] [25.05.2025 13:40:45] [dasha] Данные сохранены в файл
[INFO] [25.05.2025 13:40:46] [dasha] Клик мыши: Button.left
[INFO] [25.05.2025 13:40:48] [dasha] Клик мыши: Button.left
[INFO] [25.05.2025 13:40:49] [dasha] Клик мыши: Button.left
[INFO] [25.05.2025 13:40:50] [dasha] Данные сохранены в файл
[INFO] [25.05.2025 13:40:51] [dasha] Клик мыши: Button.left
[INFO] [25.05.2025 13:40:51] [dasha] Клик мыши: Button.right
[INFO] [25.05.2025 13:40:52] [dasha] Клик мыши: Button.left
[INFO] [25.05.2025 13:40:55] [dasha] Данные сохранены в файл
[INFO] [25.05.2025 13:41:00] [dasha] Данные сохранены в файл
[INFO] [25.05.2025 13:41:01] [dasha] Нажата клавиша: Key.esc
[INFO] [25.05.2025 13:41:03] [dasha] Нажата клавиша: Key.esc
[INFO] [25.05.2025 13:41:03] [dasha] Нажата клавиша: Key.esc
[INFO] [25.05.2025 13:41:03] [dasha] Нажата клавиша: Key.esc
[INFO] [25.05.2025 13:41:03] [dasha] Нажата клавиша: Key.esc
[INFO] [25.05.2025 13:41:04] [dasha] Нажата клавиша: Key.esc
[INFO] [25.05.2025 13:41:04] [dasha] Нажата клавиша: Key.backspace
[INFO] [25.05.2025 13:41:05] [dasha] Нажата клавиша: Key.backspace
[INFO] [25.05.2025 13:41:05] [dasha] Нажата клавиша: Key.backspace
[INFO] [25.05.2025 13:41:05] [dasha] Нажата клавиша: Key.backspace
[INFO] [25.05.2025 13:41:05] [dasha] Нажата клавиша: Key.backspace
[INFO] [25.05.2025 13:41:05] [dasha] Данные сохранены в файл
[INFO] [25.05.2025 13:41:05] [dasha] Нажата клавиша: Key.backspace
[INFO] [25.05.2025 13:41:05] [dasha] Нажата клавиша: Key.backspace
[INFO] [25.05.2025 13:41:06] [dasha] Нажата клавиша: Key.f1
[INFO] [25.05.2025 13:41:07] [dasha] Нажата клавиша: Key.backspace
[INFO] [25.05.2025 13:41:09] [dasha] Клик мыши: Button.left
[INFO] [25.05.2025 13:41:10] [dasha] Клик мыши: Button.left
[INFO] [25.05.2025 13:41:10] [dasha] Данные сохранены в файл
[INFO] [25.05.2025 13:41:13] [dasha] Клик мыши: Button.left
[INFO] [25.05.2025 13:41:15] [dasha] Клик мыши: Button.left
[INFO] [25.05.2025 13:41:15] [dasha] Данные сохранены в файл
[INFO] [25.05.2025 14:47:11] [dasha] Данные сохранены в файл
[INFO] [25.05.2025 14:47:11] [dasha] Программа запущена
